<?xml version="1.0" encoding="UTF-8"?>
<testng-results ignored="0" total="4" passed="3" failed="1" skipped="0">
  <reporter-output>
  </reporter-output>
  <suite started-at="2022-01-28T15:18:43 UTC" name="Surefire suite" finished-at="2022-01-28T15:18:50 UTC" duration-ms="6944">
    <groups>
      <group name="cucumber">
        <method signature="AbstractTestNGCucumberTests.runScenario(io.cucumber.testng.PickleWrapper,io.cucumber.testng.FeatureWrapper)[pri:0, instance:RunCucumberTest@6c0d9d86]" name="runScenario" class="io.cucumber.testng.AbstractTestNGCucumberTests"/>
      </group> <!-- cucumber -->
    </groups>
    <test started-at="2022-01-28T15:18:43 UTC" name="Surefire test" finished-at="2022-01-28T15:18:50 UTC" duration-ms="6944">
      <class name="RunCucumberTest">
        <test-method is-config="true" signature="setUpClass(org.testng.ITestContext)[pri:0, instance:RunCucumberTest@6c0d9d86]" started-at="2022-01-28T15:18:44 UTC" name="setUpClass" finished-at="2022-01-28T15:18:47 UTC" duration-ms="3592" status="PASS">
          <params>
            <param index="0">
              <value>
                <![CDATA[org.testng.TestRunner@30501e60]]>
              </value>
            </param>
          </params>
          <reporter-output>
          </reporter-output>
        </test-method> <!-- setUpClass -->
        <test-method signature="runScenario(io.cucumber.testng.PickleWrapper,io.cucumber.testng.FeatureWrapper)[pri:0, instance:RunCucumberTest@6c0d9d86]" started-at="2022-01-28T15:18:47 UTC" name="runScenario" description="Runs Cucumber Scenarios" data-provider="scenarios" finished-at="2022-01-28T15:18:50 UTC" duration-ms="2704" status="FAIL">
          <params>
            <param index="0">
              <value>
                <![CDATA["Get car price"]]>
              </value>
            </param>
            <param index="1">
              <value>
                <![CDATA["Optional[Car]"]]>
              </value>
            </param>
          </params>
          <exception class="io.cucumber.testng.UndefinedStepException">
            <message>
              <![CDATA[The step 'Car price should be 0' is undefined.
You can implement this step using the snippet(s) below:

@Then("Car price should be {int}")
public void car_price_should_be(Integer int1) {
    // Write code here that turns the phrase above into concrete actions
    throw new io.cucumber.java.PendingException();
}
]]>
            </message>
            <full-stacktrace>
              <![CDATA[io.cucumber.testng.UndefinedStepException: The step 'Car price should be 0' is undefined.
You can implement this step using the snippet(s) below:

@Then("Car price should be {int}")
public void car_price_should_be(Integer int1) {
    // Write code here that turns the phrase above into concrete actions
    throw new io.cucumber.java.PendingException();
}

at io.cucumber.core.runtime.TestCaseResultObserver.assertTestCasePassed(TestCaseResultObserver.java:69)
at io.cucumber.testng.TestCaseResultObserver.assertTestCasePassed(TestCaseResultObserver.java:23)
at io.cucumber.testng.TestNGCucumberRunner.lambda$runScenario$1(TestNGCucumberRunner.java:133)
at io.cucumber.core.runtime.CucumberExecutionContext.lambda$runTestCase$3(CucumberExecutionContext.java:110)
at io.cucumber.core.runtime.RethrowingThrowableCollector.executeAndThrow(RethrowingThrowableCollector.java:23)
at io.cucumber.core.runtime.CucumberExecutionContext.runTestCase(CucumberExecutionContext.java:110)
at io.cucumber.testng.TestNGCucumberRunner.runScenario(TestNGCucumberRunner.java:129)
at io.cucumber.testng.AbstractTestNGCucumberTests.runScenario(AbstractTestNGCucumberTests.java:35)
at java.base/jdk.internal.reflect.NativeMethodAccessorImpl.invoke0(Native Method)
at java.base/jdk.internal.reflect.NativeMethodAccessorImpl.invoke(NativeMethodAccessorImpl.java:78)
at java.base/jdk.internal.reflect.DelegatingMethodAccessorImpl.invoke(DelegatingMethodAccessorImpl.java:43)
at java.base/java.lang.reflect.Method.invoke(Method.java:568)
at org.testng.internal.MethodInvocationHelper.invokeMethod(MethodInvocationHelper.java:133)
at org.testng.internal.TestInvoker.invokeMethod(TestInvoker.java:598)
at org.testng.internal.TestInvoker.invokeTestMethod(TestInvoker.java:173)
at org.testng.internal.TestMethodWithDataProviderMethodWorker.call(TestMethodWithDataProviderMethodWorker.java:77)
at org.testng.internal.TestMethodWithDataProviderMethodWorker.call(TestMethodWithDataProviderMethodWorker.java:15)
at java.base/java.util.concurrent.FutureTask.run(FutureTask.java:264)
at java.base/java.util.concurrent.Executors$RunnableAdapter.call(Executors.java:515)
at java.base/java.util.concurrent.FutureTask.run(FutureTask.java:264)
at java.base/java.util.concurrent.ThreadPoolExecutor.runWorker(ThreadPoolExecutor.java:1135)
at java.base/java.util.concurrent.ThreadPoolExecutor$Worker.run(ThreadPoolExecutor.java:635)
at java.base/java.lang.Thread.run(Thread.java:831)
]]>
            </full-stacktrace>
          </exception> <!-- io.cucumber.testng.UndefinedStepException -->
          <reporter-output>
          </reporter-output>
        </test-method> <!-- runScenario -->
        <test-method signature="runScenario(io.cucumber.testng.PickleWrapper,io.cucumber.testng.FeatureWrapper)[pri:0, instance:RunCucumberTest@6c0d9d86]" started-at="2022-01-28T15:18:47 UTC" name="runScenario" description="Runs Cucumber Scenarios" data-provider="scenarios" finished-at="2022-01-28T15:18:50 UTC" duration-ms="2655" status="PASS">
          <params>
            <param index="0">
              <value>
                <![CDATA["Get car year"]]>
              </value>
            </param>
            <param index="1">
              <value>
                <![CDATA["Optional[Car]"]]>
              </value>
            </param>
          </params>
          <reporter-output>
          </reporter-output>
        </test-method> <!-- runScenario -->
        <test-method signature="runScenario(io.cucumber.testng.PickleWrapper,io.cucumber.testng.FeatureWrapper)[pri:0, instance:RunCucumberTest@6c0d9d86]" started-at="2022-01-28T15:18:47 UTC" name="runScenario" description="Runs Cucumber Scenarios" data-provider="scenarios" finished-at="2022-01-28T15:18:50 UTC" duration-ms="2648" status="PASS">
          <params>
            <param index="0">
              <value>
                <![CDATA["Get car model"]]>
              </value>
            </param>
            <param index="1">
              <value>
                <![CDATA["Optional[Car]"]]>
              </value>
            </param>
          </params>
          <reporter-output>
          </reporter-output>
        </test-method> <!-- runScenario -->
        <test-method signature="runScenario(io.cucumber.testng.PickleWrapper,io.cucumber.testng.FeatureWrapper)[pri:0, instance:RunCucumberTest@6c0d9d86]" started-at="2022-01-28T15:18:47 UTC" name="runScenario" description="Runs Cucumber Scenarios" data-provider="scenarios" finished-at="2022-01-28T15:18:50 UTC" duration-ms="2609" status="PASS">
          <params>
            <param index="0">
              <value>
                <![CDATA["Get car make"]]>
              </value>
            </param>
            <param index="1">
              <value>
                <![CDATA["Optional[Car]"]]>
              </value>
            </param>
          </params>
          <reporter-output>
          </reporter-output>
        </test-method> <!-- runScenario -->
        <test-method is-config="true" signature="tearDownClass()[pri:0, instance:RunCucumberTest@6c0d9d86]" started-at="2022-01-28T15:18:50 UTC" name="tearDownClass" finished-at="2022-01-28T15:18:50 UTC" duration-ms="153" status="PASS">
          <reporter-output>
          </reporter-output>
        </test-method> <!-- tearDownClass -->
      </class> <!-- RunCucumberTest -->
    </test> <!-- Surefire test -->
  </suite> <!-- Surefire suite -->
</testng-results>
