<?xml version="1.0" encoding="UTF-8"?>
<testsuite xmlns:xsi="http://www.w3.org/2001/XMLSchema-instance" xsi:noNamespaceSchemaLocation="https://maven.apache.org/surefire/maven-surefire-plugin/xsd/surefire-test-report-3.0.xsd" version="3.0" name="RunCucumberTest" time="13.343" tests="4" errors="0" skipped="0" failures="1">
  <properties>
[...]
</properties>
  <testcase name="runScenario[&quot;Get car model&quot;, &quot;Optional[Car]&quot;](1)" classname="RunCucumberTest" time="2.632"/>
  <testcase name="runScenario[&quot;Get car make&quot;, &quot;Optional[Car]&quot;](2)" classname="RunCucumberTest" time="2.662"/>
  <testcase name="runScenario[&quot;Get car year&quot;, &quot;Optional[Car]&quot;](3)" classname="RunCucumberTest" time="2.662"/>
  <testcase name="runScenario[&quot;Get car price&quot;, &quot;Optional[Car]&quot;](4)" classname="RunCucumberTest" time="2.692">
    <failure message="The step &apos;Car price should be 0&apos; is undefined.&#10;You can implement this step using the snippet(s) below:&#10;&#10;@Then(&quot;Car price should be {int}&quot;)&#10;public void car_price_should_be(Integer int1) {&#10;    // Write code here that turns the phrase above into concrete actions&#10;    throw new io.cucumber.java.PendingException();&#10;}&#10;" type="io.cucumber.testng.UndefinedStepException"><![CDATA[io.cucumber.testng.UndefinedStepException: 
The step 'Car price should be 0' is undefined.
You can implement this step using the snippet(s) below:

@Then("Car price should be {int}")
public void car_price_should_be(Integer int1) {
    // Write code here that turns the phrase above into concrete actions
    throw new io.cucumber.java.PendingException();
}

]]></failure>
  </testcase>
</testsuite>